Arguments: 
  /usr/local/bin/node /usr/local/bin/yarn start --prefix client

PATH: 
  /usr/local/lib/node_modules/npm/node_modules/npm-lifecycle/node-gyp-bin:/Users/srikanth/Sites/udemy/mern-stack/feedback-app/node_modules/.bin:/usr/local/lib/node_modules/npm/node_modules/npm-lifecycle/node-gyp-bin:/Users/srikanth/Sites/udemy/mern-stack/feedback-app/node_modules/.bin:/Library/Frameworks/Python.framework/Versions/3.5/bin:/Library/Frameworks/Python.framework/Versions/3.5/bin:/Users/srikanth/.rbenv/shims:/usr/local/bin:/usr/bin:/bin:/usr/sbin:/sbin:/usr/local/mongodb/bin:/usr/local/mysql/bin:/Users/srikanth/Desktop/maven/apache-maven-3.3.9/bin

Yarn version: 
  1.5.1

Node version: 
  8.11.2

Platform: 
  darwin x64

npm manifest: 
  {
    "name": "feedback-app",
    "version": "1.0.0",
    "description": "",
    "main": "index.js",
    "engines": {
      "node": "8.11.2",
      "npm": "6.1.0"
    },
    "scripts": {
      "start": "node index.js",
      "server": "nodemon index.js",
      "client": "yarn start --prefix client",
      "dev": "concurrently \"npm run server\" \"npm run client\""
    },
    "author": "",
    "license": "ISC",
    "dependencies": {
      "concurrently": "^3.5.1",
      "cookie-session": "^2.0.0-beta.3",
      "express": "^4.16.3",
      "mongoose": "^5.1.3",
      "nodemon": "^1.17.5",
      "passport": "^0.4.0",
      "passport-google-oauth20": "^1.0.0"
    }
  }

yarn manifest: 
  No manifest

Lockfile: 
  No lockfile

Trace: 
  Error: Command failed.
  Exit code: 1
  Command: sh
  Arguments: -c node index.js --prefix client
  Directory: /Users/srikanth/Sites/udemy/mern-stack/feedback-app
  Output:
  
      at ProcessTermError.MessageError (/usr/local/lib/node_modules/yarn/lib/cli.js:186:110)
      at new ProcessTermError (/usr/local/lib/node_modules/yarn/lib/cli.js:226:113)
      at ChildProcess.<anonymous> (/usr/local/lib/node_modules/yarn/lib/cli.js:30281:17)
      at emitTwo (events.js:126:13)
      at ChildProcess.emit (events.js:214:7)
      at maybeClose (internal/child_process.js:925:16)
      at Process.ChildProcess._handle.onexit (internal/child_process.js:209:5)
